[2014-09-04 13:57:07,336] WARN sleep interrupted (kafka.utils.Utils$)
java.lang.InterruptedException: sleep interrupted
	at java.lang.Thread.sleep(Native Method)
	at kafka.controller.RequestSendThread$$anonfun$liftedTree1$1$1.apply$mcV$sp(ControllerChannelManager.scala:143)
	at kafka.utils.Utils$.swallow(Utils.scala:167)
	at kafka.utils.Logging$class.swallowWarn(Logging.scala:92)
	at kafka.utils.Utils$.swallowWarn(Utils.scala:46)
	at kafka.utils.Logging$class.swallow(Logging.scala:94)
	at kafka.utils.Utils$.swallow(Utils.scala:46)
	at kafka.controller.RequestSendThread.liftedTree1$1(ControllerChannelManager.scala:143)
	at kafka.controller.RequestSendThread.doWork(ControllerChannelManager.scala:131)
	at kafka.utils.ShutdownableThread.run(ShutdownableThread.scala:51)
[2014-09-04 13:57:12,792] INFO [Kafka Server 0], shutting down (kafka.server.KafkaServer)
[2014-09-04 13:57:12,794] INFO [Socket Server on Broker 0], Shutting down (kafka.network.SocketServer)
[2014-09-04 13:57:12,797] INFO [Socket Server on Broker 0], Shutdown completed (kafka.network.SocketServer)
[2014-09-04 13:57:12,798] INFO [Kafka Request Handler on Broker 0], shutting down (kafka.server.KafkaRequestHandlerPool)
[2014-09-04 13:57:12,828] INFO [Kafka Request Handler on Broker 0], shut down completely (kafka.server.KafkaRequestHandlerPool)
[2014-09-04 13:57:12,969] INFO [Replica Manager on Broker 0]: Shut down (kafka.server.ReplicaManager)
[2014-09-04 13:57:12,970] INFO [ReplicaFetcherManager on broker 0] shutting down (kafka.server.ReplicaFetcherManager)
[2014-09-04 13:57:12,972] INFO [ReplicaFetcherManager on broker 0] shutdown completed (kafka.server.ReplicaFetcherManager)
[2014-09-04 13:57:12,974] INFO [Replica Manager on Broker 0]: Shutted down completely (kafka.server.ReplicaManager)
[2014-09-04 13:57:13,177] INFO [Kafka Server 0], shut down completed (kafka.server.KafkaServer)
