[2014-09-04 13:57:07,350] TRACE Controller 0 epoch 17 changed state of replica 1 for partition [multi2,1] from OnlineReplica to OfflineReplica (state.change.logger)
[2014-09-04 13:57:07,355] TRACE Controller 0 epoch 17 changed state of replica 1 for partition [multi2,2] from OnlineReplica to OfflineReplica (state.change.logger)
[2014-09-04 13:57:07,357] TRACE Controller 0 epoch 17 changed state of replica 1 for partition [multi2,0] from OnlineReplica to OfflineReplica (state.change.logger)
[2014-09-04 13:57:07,358] TRACE Controller 0 epoch 17 sending become-leader LeaderAndIsr request (Leader:0,ISR:0,LeaderEpoch:3,ControllerEpoch:17) with correlationId 15 to broker 0 for partition [multi2,2] (state.change.logger)
[2014-09-04 13:57:07,358] TRACE Controller 0 epoch 17 sending become-leader LeaderAndIsr request (Leader:0,ISR:0,LeaderEpoch:4,ControllerEpoch:17) with correlationId 15 to broker 0 for partition [multi2,1] (state.change.logger)
[2014-09-04 13:57:07,358] TRACE Controller 0 epoch 17 sending become-leader LeaderAndIsr request (Leader:0,ISR:0,LeaderEpoch:3,ControllerEpoch:17) with correlationId 15 to broker 0 for partition [multi2,0] (state.change.logger)
[2014-09-04 13:57:07,358] TRACE Controller 0 epoch 17 sending UpdateMetadata request (Leader:0,ISR:0,LeaderEpoch:3,ControllerEpoch:17) with correlationId 15 to broker 0 for partition [multi2,2] (state.change.logger)
[2014-09-04 13:57:07,358] TRACE Controller 0 epoch 17 sending UpdateMetadata request (Leader:0,ISR:0,LeaderEpoch:4,ControllerEpoch:17) with correlationId 15 to broker 0 for partition [multi2,1] (state.change.logger)
[2014-09-04 13:57:07,358] TRACE Controller 0 epoch 17 sending UpdateMetadata request (Leader:0,ISR:0,LeaderEpoch:3,ControllerEpoch:17) with correlationId 15 to broker 0 for partition [multi2,0] (state.change.logger)
[2014-09-04 13:57:07,359] TRACE Broker 0 received LeaderAndIsr request (LeaderAndIsrInfo:(Leader:0,ISR:0,LeaderEpoch:4,ControllerEpoch:17),ReplicationFactor:2),AllReplicas:0,1) correlation id 15 from controller 0 epoch 17 for partition [multi2,1] (state.change.logger)
[2014-09-04 13:57:07,359] TRACE Broker 0 received LeaderAndIsr request (LeaderAndIsrInfo:(Leader:0,ISR:0,LeaderEpoch:3,ControllerEpoch:17),ReplicationFactor:2),AllReplicas:1,0) correlation id 15 from controller 0 epoch 17 for partition [multi2,2] (state.change.logger)
[2014-09-04 13:57:07,359] TRACE Broker 0 received LeaderAndIsr request (LeaderAndIsrInfo:(Leader:0,ISR:0,LeaderEpoch:3,ControllerEpoch:17),ReplicationFactor:2),AllReplicas:1,0) correlation id 15 from controller 0 epoch 17 for partition [multi2,0] (state.change.logger)
[2014-09-04 13:57:07,359] WARN Broker 0 received invalid LeaderAndIsr request with correlation id 15 from controller 0 epoch 17 with an older leader epoch 4 for partition [multi2,1], current leader epoch is 4 (state.change.logger)
[2014-09-04 13:57:07,359] WARN Broker 0 received invalid LeaderAndIsr request with correlation id 15 from controller 0 epoch 17 with an older leader epoch 3 for partition [multi2,2], current leader epoch is 3 (state.change.logger)
[2014-09-04 13:57:07,359] WARN Broker 0 received invalid LeaderAndIsr request with correlation id 15 from controller 0 epoch 17 with an older leader epoch 3 for partition [multi2,0], current leader epoch is 3 (state.change.logger)
[2014-09-04 13:57:07,360] TRACE Controller 0 epoch 17 received response correlationId 15 for a request sent to broker id:0,host:localhost,port:9092 (state.change.logger)
[2014-09-04 13:57:07,361] TRACE Broker 0 cached leader info (LeaderAndIsrInfo:(Leader:0,ISR:0,LeaderEpoch:4,ControllerEpoch:17),ReplicationFactor:2),AllReplicas:0,1) for partition [multi2,1] in response to UpdateMetadata request sent by controller 0 epoch 17 with correlation id 15 (state.change.logger)
[2014-09-04 13:57:07,361] TRACE Broker 0 cached leader info (LeaderAndIsrInfo:(Leader:0,ISR:0,LeaderEpoch:3,ControllerEpoch:17),ReplicationFactor:2),AllReplicas:1,0) for partition [multi2,2] in response to UpdateMetadata request sent by controller 0 epoch 17 with correlation id 15 (state.change.logger)
[2014-09-04 13:57:07,361] TRACE Broker 0 cached leader info (LeaderAndIsrInfo:(Leader:0,ISR:0,LeaderEpoch:3,ControllerEpoch:17),ReplicationFactor:2),AllReplicas:1,0) for partition [multi2,0] in response to UpdateMetadata request sent by controller 0 epoch 17 with correlation id 15 (state.change.logger)
[2014-09-04 13:57:07,362] TRACE Controller 0 epoch 17 received response correlationId 15 for a request sent to broker id:0,host:localhost,port:9092 (state.change.logger)
